# JRE version: OpenJDK Runtime Environment AdoptOpenJDK (14.0.2+12) (build 14.0.2+12)
# Java VM: OpenJDK 64-Bit Server VM AdoptOpenJDK (14.0.2+12, mixed mode, sharing, tiered, compressed oops, g1 gc, windows-amd64)
Heap:
 garbage-first heap   total 68608K, used 47119K [0x0000000080a00000, 0x0000000100000000)
  region size 1024K, 24 young (24576K), 3 survivors (3072K)
 Metaspace       used 22043K, capacity 22985K, committed 23040K, reserved 1069056K
  class space    used 2972K, capacity 3315K, committed 3328K, reserved 1048576K
GC Heap History (20 events):
Event: 895.468 GC heap before
{Heap before GC invocations=130 (full 0):
 garbage-first heap   total 68608K, used 57093K [0x0000000080a00000, 0x0000000100000000)
  region size 1024K, 34 young (34816K), 3 survivors (3072K)
 Metaspace       used 21858K, capacity 22767K, committed 23040K, reserved 1069056K
  class space    used 2950K, capacity 3307K, committed 3328K, reserved 1048576K
}
Event: 895.472 GC heap after
{Heap after GC invocations=131 (full 0):
 garbage-first heap   total 68608K, used 25353K [0x0000000080a00000, 0x0000000100000000)
  region size 1024K, 3 young (3072K), 3 survivors (3072K)
 Metaspace       used 21858K, capacity 22767K, committed 23040K, reserved 1069056K
  class space    used 2950K, capacity 3307K, committed 3328K, reserved 1048576K
}
Event: 898.709 GC heap before
{Heap before GC invocations=131 (full 0):
 garbage-first heap   total 68608K, used 57097K [0x0000000080a00000, 0x0000000100000000)
  region size 1024K, 34 young (34816K), 3 survivors (3072K)
 Metaspace       used 21858K, capacity 22767K, committed 23040K, reserved 1069056K
  class space    used 2950K, capacity 3307K, committed 3328K, reserved 1048576K
}
Event: 898.713 GC heap after
{Heap after GC invocations=132 (full 0):
 garbage-first heap   total 68608K, used 25458K [0x0000000080a00000, 0x0000000100000000)
  region size 1024K, 3 young (3072K), 3 survivors (3072K)
 Metaspace       used 21858K, capacity 22767K, committed 23040K, reserved 1069056K
  class space    used 2950K, capacity 3307K, committed 3328K, reserved 1048576K
}
Event: 902.138 GC heap before
{Heap before GC invocations=132 (full 0):
 garbage-first heap   total 68608K, used 57202K [0x0000000080a00000, 0x0000000100000000)
  region size 1024K, 34 young (34816K), 3 survivors (3072K)
 Metaspace       used 21860K, capacity 22767K, committed 23040K, reserved 1069056K
  class space    used 2950K, capacity 3307K, committed 3328K, reserved 1048576K
}
Event: 902.141 GC heap after
{Heap after GC invocations=133 (full 0):
 garbage-first heap   total 68608K, used 25363K [0x0000000080a00000, 0x0000000100000000)
  region size 1024K, 3 young (3072K), 3 survivors (3072K)
 Metaspace       used 21860K, capacity 22767K, committed 23040K, reserved 1069056K
  class space    used 2950K, capacity 3307K, committed 3328K, reserved 1048576K
}
Event: 905.461 GC heap before
{Heap before GC invocations=133 (full 0):
 garbage-first heap   total 68608K, used 57107K [0x0000000080a00000, 0x0000000100000000)
  region size 1024K, 34 young (34816K), 3 survivors (3072K)
 Metaspace       used 21860K, capacity 22767K, committed 23040K, reserved 1069056K
  class space    used 2950K, capacity 3307K, committed 3328K, reserved 1048576K
}
Event: 905.465 GC heap after
{Heap after GC invocations=134 (full 0):
 garbage-first heap   total 68608K, used 25370K [0x0000000080a00000, 0x0000000100000000)
  region size 1024K, 3 young (3072K), 3 survivors (3072K)
 Metaspace       used 21860K, capacity 22767K, committed 23040K, reserved 1069056K
  class space    used 2950K, capacity 3307K, committed 3328K, reserved 1048576K
}
Event: 908.967 GC heap before
{Heap before GC invocations=134 (full 0):
 garbage-first heap   total 68608K, used 57114K [0x0000000080a00000, 0x0000000100000000)
  region size 1024K, 34 young (34816K), 3 survivors (3072K)
 Metaspace       used 21860K, capacity 22767K, committed 23040K, reserved 1069056K
  class space    used 2950K, capacity 3307K, committed 3328K, reserved 1048576K
}
Event: 908.970 GC heap after
{Heap after GC invocations=135 (full 0):
 garbage-first heap   total 68608K, used 25374K [0x0000000080a00000, 0x0000000100000000)
  region size 1024K, 3 young (3072K), 3 survivors (3072K)
 Metaspace       used 21860K, capacity 22767K, committed 23040K, reserved 1069056K
  class space    used 2950K, capacity 3307K, committed 3328K, reserved 1048576K
}
Event: 912.336 GC heap before
{Heap before GC invocations=135 (full 0):
 garbage-first heap   total 68608K, used 57118K [0x0000000080a00000, 0x0000000100000000)
  region size 1024K, 34 young (34816K), 3 survivors (3072K)
 Metaspace       used 21860K, capacity 22767K, committed 23040K, reserved 1069056K
  class space    used 2950K, capacity 3307K, committed 3328K, reserved 1048576K
}
Event: 912.338 GC heap after
{Heap after GC invocations=136 (full 0):
 garbage-first heap   total 68608K, used 25274K [0x0000000080a00000, 0x0000000100000000)
  region size 1024K, 3 young (3072K), 3 survivors (3072K)
 Metaspace       used 21860K, capacity 22767K, committed 23040K, reserved 1069056K
  class space    used 2950K, capacity 3307K, committed 3328K, reserved 1048576K
}
Event: 915.749 GC heap before
{Heap before GC invocations=136 (full 0):
 garbage-first heap   total 68608K, used 57018K [0x0000000080a00000, 0x0000000100000000)
  region size 1024K, 34 young (34816K), 3 survivors (3072K)
 Metaspace       used 21861K, capacity 22767K, committed 23040K, reserved 1069056K
  class space    used 2950K, capacity 3307K, committed 3328K, reserved 1048576K
}
Event: 915.751 GC heap after
{Heap after GC invocations=137 (full 0):
 garbage-first heap   total 68608K, used 25279K [0x0000000080a00000, 0x0000000100000000)
  region size 1024K, 3 young (3072K), 3 survivors (3072K)
 Metaspace       used 21861K, capacity 22767K, committed 23040K, reserved 1069056K
  class space    used 2950K, capacity 3307K, committed 3328K, reserved 1048576K
}
Event: 924.801 GC heap before
{Heap before GC invocations=137 (full 0):
 garbage-first heap   total 68608K, used 57023K [0x0000000080a00000, 0x0000000100000000)
  region size 1024K, 34 young (34816K), 3 survivors (3072K)
 Metaspace       used 22006K, capacity 22971K, committed 23040K, reserved 1069056K
  class space    used 2970K, capacity 3311K, committed 3328K, reserved 1048576K
}
Event: 924.805 GC heap after
{Heap after GC invocations=138 (full 0):
 garbage-first heap   total 68608K, used 26615K [0x0000000080a00000, 0x0000000100000000)
  region size 1024K, 3 young (3072K), 3 survivors (3072K)
 Metaspace       used 22006K, capacity 22971K, committed 23040K, reserved 1069056K
  class space    used 2970K, capacity 3311K, committed 3328K, reserved 1048576K
}
Event: 928.205 GC heap before
{Heap before GC invocations=138 (full 0):
 garbage-first heap   total 68608K, used 57335K [0x0000000080a00000, 0x0000000100000000)
  region size 1024K, 33 young (33792K), 3 survivors (3072K)
 Metaspace       used 22007K, capacity 22971K, committed 23040K, reserved 1069056K
  class space    used 2970K, capacity 3311K, committed 3328K, reserved 1048576K
}
Event: 928.209 GC heap after
{Heap after GC invocations=139 (full 0):
 garbage-first heap   total 68608K, used 26632K [0x0000000080a00000, 0x0000000100000000)
  region size 1024K, 3 young (3072K), 3 survivors (3072K)
 Metaspace       used 22007K, capacity 22971K, committed 23040K, reserved 1069056K
  class space    used 2970K, capacity 3311K, committed 3328K, reserved 1048576K
}
Event: 931.589 GC heap before
{Heap before GC invocations=139 (full 0):
 garbage-first heap   total 68608K, used 57352K [0x0000000080a00000, 0x0000000100000000)
  region size 1024K, 33 young (33792K), 3 survivors (3072K)
 Metaspace       used 22032K, capacity 22984K, committed 23040K, reserved 1069056K
  class space    used 2972K, capacity 3315K, committed 3328K, reserved 1048576K
}
Event: 931.593 GC heap after
{Heap after GC invocations=140 (full 0):
 garbage-first heap   total 68608K, used 26639K [0x0000000080a00000, 0x0000000100000000)
  region size 1024K, 3 young (3072K), 3 survivors (3072K)
 Metaspace       used 22032K, capacity 22984K, committed 23040K, reserved 1069056K
  class space    used 2972K, capacity 3315K, committed 3328K, reserved 1048576K
}

