# JRE version: OpenJDK Runtime Environment AdoptOpenJDK (14.0.2+12) (build 14.0.2+12)
# Java VM: OpenJDK 64-Bit Server VM AdoptOpenJDK (14.0.2+12, mixed mode, sharing, tiered, compressed oops, g1 gc, windows-amd64)
Heap:
 garbage-first heap   total 102400K, used 77027K [0x0000000080a00000, 0x0000000100000000)
  region size 1024K, 50 young (51200K), 1 survivors (1024K)
 Metaspace       used 24210K, capacity 25220K, committed 25344K, reserved 1071104K
  class space    used 3158K, capacity 3545K, committed 3584K, reserved 1048576K
GC Heap History (20 events):
Event: 779.891 GC heap before
{Heap before GC invocations=603 (full 0):
 garbage-first heap   total 102400K, used 88243K [0x0000000080a00000, 0x0000000100000000)
  region size 1024K, 60 young (61440K), 1 survivors (1024K)
 Metaspace       used 24203K, capacity 25219K, committed 25344K, reserved 1071104K
  class space    used 3158K, capacity 3545K, committed 3584K, reserved 1048576K
}
Event: 779.892 GC heap after
{Heap after GC invocations=604 (full 0):
 garbage-first heap   total 102400K, used 27820K [0x0000000080a00000, 0x0000000100000000)
  region size 1024K, 1 young (1024K), 1 survivors (1024K)
 Metaspace       used 24203K, capacity 25219K, committed 25344K, reserved 1071104K
  class space    used 3158K, capacity 3545K, committed 3584K, reserved 1048576K
}
Event: 781.131 GC heap before
{Heap before GC invocations=604 (full 0):
 garbage-first heap   total 102400K, used 88236K [0x0000000080a00000, 0x0000000100000000)
  region size 1024K, 60 young (61440K), 1 survivors (1024K)
 Metaspace       used 24203K, capacity 25219K, committed 25344K, reserved 1071104K
  class space    used 3158K, capacity 3545K, committed 3584K, reserved 1048576K
}
Event: 781.133 GC heap after
{Heap after GC invocations=605 (full 0):
 garbage-first heap   total 102400K, used 27825K [0x0000000080a00000, 0x0000000100000000)
  region size 1024K, 1 young (1024K), 1 survivors (1024K)
 Metaspace       used 24203K, capacity 25219K, committed 25344K, reserved 1071104K
  class space    used 3158K, capacity 3545K, committed 3584K, reserved 1048576K
}
Event: 782.447 GC heap before
{Heap before GC invocations=605 (full 0):
 garbage-first heap   total 102400K, used 88241K [0x0000000080a00000, 0x0000000100000000)
  region size 1024K, 60 young (61440K), 1 survivors (1024K)
 Metaspace       used 24208K, capacity 25220K, committed 25344K, reserved 1071104K
  class space    used 3158K, capacity 3545K, committed 3584K, reserved 1048576K
}
Event: 782.448 GC heap after
{Heap after GC invocations=606 (full 0):
 garbage-first heap   total 102400K, used 27839K [0x0000000080a00000, 0x0000000100000000)
  region size 1024K, 1 young (1024K), 1 survivors (1024K)
 Metaspace       used 24208K, capacity 25220K, committed 25344K, reserved 1071104K
  class space    used 3158K, capacity 3545K, committed 3584K, reserved 1048576K
}
Event: 783.890 GC heap before
{Heap before GC invocations=606 (full 0):
 garbage-first heap   total 102400K, used 88255K [0x0000000080a00000, 0x0000000100000000)
  region size 1024K, 60 young (61440K), 1 survivors (1024K)
 Metaspace       used 24208K, capacity 25220K, committed 25344K, reserved 1071104K
  class space    used 3158K, capacity 3545K, committed 3584K, reserved 1048576K
}
Event: 783.892 GC heap after
{Heap after GC invocations=607 (full 0):
 garbage-first heap   total 102400K, used 27817K [0x0000000080a00000, 0x0000000100000000)
  region size 1024K, 1 young (1024K), 1 survivors (1024K)
 Metaspace       used 24208K, capacity 25220K, committed 25344K, reserved 1071104K
  class space    used 3158K, capacity 3545K, committed 3584K, reserved 1048576K
}
Event: 785.688 GC heap before
{Heap before GC invocations=607 (full 0):
 garbage-first heap   total 102400K, used 88233K [0x0000000080a00000, 0x0000000100000000)
  region size 1024K, 60 young (61440K), 1 survivors (1024K)
 Metaspace       used 24208K, capacity 25220K, committed 25344K, reserved 1071104K
  class space    used 3158K, capacity 3545K, committed 3584K, reserved 1048576K
}
Event: 785.689 GC heap after
{Heap after GC invocations=608 (full 0):
 garbage-first heap   total 102400K, used 27846K [0x0000000080a00000, 0x0000000100000000)
  region size 1024K, 1 young (1024K), 1 survivors (1024K)
 Metaspace       used 24208K, capacity 25220K, committed 25344K, reserved 1071104K
  class space    used 3158K, capacity 3545K, committed 3584K, reserved 1048576K
}
Event: 788.455 GC heap before
{Heap before GC invocations=608 (full 0):
 garbage-first heap   total 102400K, used 88262K [0x0000000080a00000, 0x0000000100000000)
  region size 1024K, 60 young (61440K), 1 survivors (1024K)
 Metaspace       used 24210K, capacity 25220K, committed 25344K, reserved 1071104K
  class space    used 3158K, capacity 3545K, committed 3584K, reserved 1048576K
}
Event: 788.456 GC heap after
{Heap after GC invocations=609 (full 0):
 garbage-first heap   total 102400K, used 27871K [0x0000000080a00000, 0x0000000100000000)
  region size 1024K, 1 young (1024K), 1 survivors (1024K)
 Metaspace       used 24210K, capacity 25220K, committed 25344K, reserved 1071104K
  class space    used 3158K, capacity 3545K, committed 3584K, reserved 1048576K
}
Event: 791.408 GC heap before
{Heap before GC invocations=609 (full 0):
 garbage-first heap   total 102400K, used 88287K [0x0000000080a00000, 0x0000000100000000)
  region size 1024K, 60 young (61440K), 1 survivors (1024K)
 Metaspace       used 24210K, capacity 25220K, committed 25344K, reserved 1071104K
  class space    used 3158K, capacity 3545K, committed 3584K, reserved 1048576K
}
Event: 791.410 GC heap after
{Heap after GC invocations=610 (full 0):
 garbage-first heap   total 102400K, used 27848K [0x0000000080a00000, 0x0000000100000000)
  region size 1024K, 1 young (1024K), 1 survivors (1024K)
 Metaspace       used 24210K, capacity 25220K, committed 25344K, reserved 1071104K
  class space    used 3158K, capacity 3545K, committed 3584K, reserved 1048576K
}
Event: 794.111 GC heap before
{Heap before GC invocations=610 (full 0):
 garbage-first heap   total 102400K, used 88264K [0x0000000080a00000, 0x0000000100000000)
  region size 1024K, 60 young (61440K), 1 survivors (1024K)
 Metaspace       used 24210K, capacity 25220K, committed 25344K, reserved 1071104K
  class space    used 3158K, capacity 3545K, committed 3584K, reserved 1048576K
}
Event: 794.113 GC heap after
{Heap after GC invocations=611 (full 0):
 garbage-first heap   total 102400K, used 27869K [0x0000000080a00000, 0x0000000100000000)
  region size 1024K, 1 young (1024K), 1 survivors (1024K)
 Metaspace       used 24210K, capacity 25220K, committed 25344K, reserved 1071104K
  class space    used 3158K, capacity 3545K, committed 3584K, reserved 1048576K
}
Event: 796.882 GC heap before
{Heap before GC invocations=611 (full 0):
 garbage-first heap   total 102400K, used 88285K [0x0000000080a00000, 0x0000000100000000)
  region size 1024K, 60 young (61440K), 1 survivors (1024K)
 Metaspace       used 24210K, capacity 25220K, committed 25344K, reserved 1071104K
  class space    used 3158K, capacity 3545K, committed 3584K, reserved 1048576K
}
Event: 796.884 GC heap after
{Heap after GC invocations=612 (full 0):
 garbage-first heap   total 102400K, used 27854K [0x0000000080a00000, 0x0000000100000000)
  region size 1024K, 1 young (1024K), 1 survivors (1024K)
 Metaspace       used 24210K, capacity 25220K, committed 25344K, reserved 1071104K
  class space    used 3158K, capacity 3545K, committed 3584K, reserved 1048576K
}
Event: 799.651 GC heap before
{Heap before GC invocations=612 (full 0):
 garbage-first heap   total 102400K, used 88270K [0x0000000080a00000, 0x0000000100000000)
  region size 1024K, 60 young (61440K), 1 survivors (1024K)
 Metaspace       used 24210K, capacity 25220K, committed 25344K, reserved 1071104K
  class space    used 3158K, capacity 3545K, committed 3584K, reserved 1048576K
}
Event: 799.652 GC heap after
{Heap after GC invocations=613 (full 0):
 garbage-first heap   total 102400K, used 27875K [0x0000000080a00000, 0x0000000100000000)
  region size 1024K, 1 young (1024K), 1 survivors (1024K)
 Metaspace       used 24210K, capacity 25220K, committed 25344K, reserved 1071104K
  class space    used 3158K, capacity 3545K, committed 3584K, reserved 1048576K
}

